# JRE version: OpenJDK Runtime Environment Corretto-17.0.4.9.1 (17.0.4.1+9) (build 17.0.4.1+9-LTS)
# Java VM: OpenJDK 64-Bit Server VM Corretto-17.0.4.9.1 (17.0.4.1+9-LTS, mixed mode, sharing, tiered, compressed oops, compressed class ptrs, g1 gc, windows-amd64)
GC Precious Log:
 CPUs: 12 total, 12 available
 Memory: 16196M
 Large Page Support: Disabled
 NUMA Support: Disabled
 Compressed Oops: Enabled (Zero based)
 Heap Region Size: 2M
 Heap Min Capacity: 8M
 Heap Initial Capacity: 254M
 Heap Max Capacity: 4050M
 Pre-touch: Disabled
 Parallel Workers: 10
 Concurrent Workers: 3
 Concurrent Refinement Workers: 10
 Periodic GC: Disabled
Heap:
 garbage-first heap   total 260096K, used 133693K [0x0000000702e00000, 0x0000000800000000)
  region size 2048K, 61 young (124928K), 1 survivors (2048K)
 Metaspace       used 9421K, committed 9664K, reserved 1064960K
  class space    used 641K, committed 768K, reserved 1048576K
GC Heap History (16 events):
Event: 1.129 GC heap before
{Heap before GC invocations=0 (full 0):
 garbage-first heap   total 260096K, used 20480K [0x0000000702e00000, 0x0000000800000000)
  region size 2048K, 11 young (22528K), 0 survivors (0K)
 Metaspace       used 6808K, committed 6976K, reserved 1056768K
  class space    used 499K, committed 576K, reserved 1048576K
}
Event: 1.131 GC heap after
{Heap after GC invocations=1 (full 0):
 garbage-first heap   total 260096K, used 3620K [0x0000000702e00000, 0x0000000800000000)
  region size 2048K, 2 young (4096K), 2 survivors (4096K)
 Metaspace       used 6808K, committed 6976K, reserved 1056768K
  class space    used 499K, committed 576K, reserved 1048576K
}
Event: 1.167 GC heap before
{Heap before GC invocations=1 (full 0):
 garbage-first heap   total 260096K, used 32292K [0x0000000702e00000, 0x0000000800000000)
  region size 2048K, 16 young (32768K), 2 survivors (4096K)
 Metaspace       used 6830K, committed 6976K, reserved 1056768K
  class space    used 499K, committed 576K, reserved 1048576K
}
Event: 1.171 GC heap after
{Heap after GC invocations=2 (full 0):
 garbage-first heap   total 260096K, used 6300K [0x0000000702e00000, 0x0000000800000000)
  region size 2048K, 2 young (4096K), 2 survivors (4096K)
 Metaspace       used 6830K, committed 6976K, reserved 1056768K
  class space    used 499K, committed 576K, reserved 1048576K
}
Event: 1.411 GC heap before
{Heap before GC invocations=2 (full 0):
 garbage-first heap   total 260096K, used 135324K [0x0000000702e00000, 0x0000000800000000)
  region size 2048K, 65 young (133120K), 2 survivors (4096K)
 Metaspace       used 6860K, committed 7040K, reserved 1056768K
  class space    used 499K, committed 576K, reserved 1048576K
}
Event: 1.423 GC heap after
{Heap after GC invocations=3 (full 0):
 garbage-first heap   total 260096K, used 22681K [0x0000000702e00000, 0x0000000800000000)
  region size 2048K, 9 young (18432K), 9 survivors (18432K)
 Metaspace       used 6860K, committed 7040K, reserved 1056768K
  class space    used 499K, committed 576K, reserved 1048576K
}
Event: 3.083 GC heap before
{Heap before GC invocations=3 (full 0):
 garbage-first heap   total 260096K, used 170137K [0x0000000702e00000, 0x0000000800000000)
  region size 2048K, 76 young (155648K), 9 survivors (18432K)
 Metaspace       used 9082K, committed 9344K, reserved 1064960K
  class space    used 640K, committed 768K, reserved 1048576K
}
Event: 3.100 GC heap after
{Heap after GC invocations=4 (full 0):
 garbage-first heap   total 260096K, used 14438K [0x0000000702e00000, 0x0000000800000000)
  region size 2048K, 2 young (4096K), 2 survivors (4096K)
 Metaspace       used 9082K, committed 9344K, reserved 1064960K
  class space    used 640K, committed 768K, reserved 1048576K
}
Event: 4.382 GC heap before
{Heap before GC invocations=4 (full 0):
 garbage-first heap   total 260096K, used 165990K [0x0000000702e00000, 0x0000000800000000)
  region size 2048K, 76 young (155648K), 2 survivors (4096K)
 Metaspace       used 9247K, committed 9536K, reserved 1064960K
  class space    used 640K, committed 768K, reserved 1048576K
}
Event: 4.385 GC heap after
{Heap after GC invocations=5 (full 0):
 garbage-first heap   total 260096K, used 12929K [0x0000000702e00000, 0x0000000800000000)
  region size 2048K, 1 young (2048K), 1 survivors (2048K)
 Metaspace       used 9247K, committed 9536K, reserved 1064960K
  class space    used 640K, committed 768K, reserved 1048576K
}
Event: 5.666 GC heap before
{Heap before GC invocations=5 (full 0):
 garbage-first heap   total 260096K, used 166529K [0x0000000702e00000, 0x0000000800000000)
  region size 2048K, 76 young (155648K), 1 survivors (2048K)
 Metaspace       used 9294K, committed 9536K, reserved 1064960K
  class space    used 640K, committed 768K, reserved 1048576K
}
Event: 5.667 GC heap after
{Heap after GC invocations=6 (full 0):
 garbage-first heap   total 260096K, used 13019K [0x0000000702e00000, 0x0000000800000000)
  region size 2048K, 1 young (2048K), 1 survivors (2048K)
 Metaspace       used 9294K, committed 9536K, reserved 1064960K
  class space    used 640K, committed 768K, reserved 1048576K
}
Event: 6.865 GC heap before
{Heap before GC invocations=6 (full 0):
 garbage-first heap   total 260096K, used 166619K [0x0000000702e00000, 0x0000000800000000)
  region size 2048K, 76 young (155648K), 1 survivors (2048K)
 Metaspace       used 9343K, committed 9600K, reserved 1064960K
  class space    used 640K, committed 768K, reserved 1048576K
}
Event: 6.870 GC heap after
{Heap after GC invocations=7 (full 0):
 garbage-first heap   total 260096K, used 12901K [0x0000000702e00000, 0x0000000800000000)
  region size 2048K, 1 young (2048K), 1 survivors (2048K)
 Metaspace       used 9343K, committed 9600K, reserved 1064960K
  class space    used 640K, committed 768K, reserved 1048576K
}
Event: 7.840 GC heap before
{Heap before GC invocations=7 (full 0):
 garbage-first heap   total 260096K, used 166501K [0x0000000702e00000, 0x0000000800000000)
  region size 2048K, 76 young (155648K), 1 survivors (2048K)
 Metaspace       used 9360K, committed 9600K, reserved 1064960K
  class space    used 640K, committed 768K, reserved 1048576K
}
Event: 7.844 GC heap after
{Heap after GC invocations=8 (full 0):
 garbage-first heap   total 260096K, used 12861K [0x0000000702e00000, 0x0000000800000000)
  region size 2048K, 1 young (2048K), 1 survivors (2048K)
 Metaspace       used 9360K, committed 9600K, reserved 1064960K
  class space    used 640K, committed 768K, reserved 1048576K
}

